<?xml version="1.0" encoding="UTF-8"?>
<beans xmlns="http://www.springframework.org/schema/beans"
    xmlns:context="http://www.springframework.org/schema/context"
    xmlns:xsi="http://www.w3.org/2001/XMLSchema-instance"
    xsi:schemaLocation="http://www.springframework.org/schema/beans
    http://www.springframework.org/schema/beans/spring-beans.xsd
    http://www.springframework.org/schema/context
    http://www.springframework.org/schema/context/spring-context.xsd">

    <bean id="model" class="hu.dpc.edu.mvc.impl.InMemoryModel"/>

    <bean id="controller" class="hu.dpc.edu.mvc.impl.DefaultController">
        <constructor-arg index="0" ref="model"/>
    </bean>

    <bean id="view" class="hu.dpc.edu.mvc.TestView">
        <constructor-arg index="0" ref="model"/>
        <constructor-arg index="1" ref="controller"/>
    </bean>
</beans>